<?xml version="1.0" encoding="UTF-8"?>
<testng-results skipped="0" failed="0" ignored="0" total="1" passed="1">
  <reporter-output>
  </reporter-output>
  <suite name="Suite" duration-ms="65" started-at="2022-12-21T23:43:16 IST" finished-at="2022-12-21T23:43:16 IST">
    <groups>
    </groups>
    <test name="Test" duration-ms="65" started-at="2022-12-21T23:43:16 IST" finished-at="2022-12-21T23:43:16 IST">
      <class name="package1.Practice1">
        <test-method status="PASS" signature="tes1()[pri:0, instance:package1.Practice1@56aac163]" name="tes1" duration-ms="14" started-at="2022-12-21T23:43:16 IST" finished-at="2022-12-21T23:43:16 IST">
          <reporter-output>
          </reporter-output>
        </test-method> <!-- tes1 -->
      </class> <!-- package1.Practice1 -->
    </test> <!-- Test -->
  </suite> <!-- Suite -->
</testng-results>
